ToontownStart: Polling for game2 to finish...
ToontownStart: Game2 is finished.
ToontownStart: Starting the game.
ToontownStart: setting default font
TTLocalizer: Running in language: english
from toontown.toonbase.TTLocalizerEnglish import *
OTPLocalizer: Running in language: english
from otp.otpbase.OTPLocalizerEnglish import *
ToontownStart: Loading default gui sounds
ToontownStart: serverVersion:  dev
{410000001: <toontown.distributed.ToontownDistrict.ToontownDistrict instance at 0x1A3FE620>}
{410000001: <toontown.distributed.ToontownDistrict.ToontownDistrict instance at 0x1A3FE620>}
:ToontownTimeManager(warning): error parsing date string=
:Actor(warning): no part named head-front*!
local
:NewsPageButtonManager(warning): Should not get here. NewsPageButtonManager.exitOff
:Actor(warning): no part named head-front*!
:DistributedObject(warning): no loader.getInteractiveProp self.interactiveProp is None
:DistributedObject(warning): no loader.getInteractiveProp self.interactiveProp is None
:DistributedObject(warning): no loader.getInteractiveProp self.interactiveProp is None
:DistributedObject(warning): no loader.getInteractiveProp self.interactiveProp is None
:DistributedObject(warning): no loader.getInteractiveProp self.interactiveProp is None
fisherman origin:  render/scene/toontownCentral/2000:safe_zone/fishing_pond_1/npc_fisherman_origin_0
:Teleport(debug): teleportInDone: walk
:DistributedElectionEvent(warning): Received flippySpeech from AI while Interactive Flippy is disabled on our client.
:LocalAvatar(warning): redundant call to stopUpdateSmartCamera
:LocalAvatar(warning): redundant call to stopUpdateSmartCamera
OnscreenText.configure: mayChange == 0
OnscreenText.configure: mayChange == 0
OnscreenText.configure: mayChange == 0
OnscreenText.configure: mayChange == 0
:GarbageCollect(warning): garbage found, reverting gc threshold
frame rate: 54.1 fps|0.004d|8 avs||318|318||0x0000|0x0000|409.2MB|421.4MB|16323.7MB|323|nt.2.6.2|3.701,3.701|6,12 cpus|OpenGL
:DistributedElectionEvent(warning): Received flippySpeech from AI while Interactive Flippy is disabled on our client.
:LocalAvatar(warning): redundant call to stopUpdateSmartCamera
:LocalAvatar(warning): redundant call to stopUpdateSmartCamera
OnscreenText.configure: mayChange == 0
OnscreenText.configure: mayChange == 0
OnscreenText.configure: mayChange == 0
OnscreenText.configure: mayChange == 0
:DistributedElectionEvent(warning): Received flippySpeech from AI while Interactive Flippy is disabled on our client.
:ParentMgr(warning): unregisterParent: unknown parent token '5'
:OTPClientRepository(warning): unclean exit, abandoning shard
ignoring InputState-forward
:LocalAvatar(warning): redundant call to stopUpdateSmartCamera
