ToontownStart: Polling for game2 to finish...
ToontownStart: Game2 is finished.
ToontownStart: Starting the game.
ToontownStart: setting default font
TTLocalizer: Running in language: english
from toontown.toonbase.TTLocalizerEnglish import *
OTPLocalizer: Running in language: english
from otp.otpbase.OTPLocalizerEnglish import *
ToontownStart: Loading default gui sounds
ToontownStart: serverVersion:  dev
{410000001: <toontown.distributed.ToontownDistrict.ToontownDistrict instance at 0x1A3F8620>}
{410000001: <toontown.distributed.ToontownDistrict.ToontownDistrict instance at 0x1A3F8620>}
:ToontownTimeManager(warning): error parsing date string=
:Actor(warning): no part named head-front*!
local
:NewsPageButtonManager(warning): Should not get here. NewsPageButtonManager.exitOff
:DistributedObject(warning): no loader.getInteractiveProp self.interactiveProp is None
:DistributedObject(warning): no loader.getInteractiveProp self.interactiveProp is None
:DistributedObject(warning): no loader.getInteractiveProp self.interactiveProp is None
:DistributedObject(warning): no loader.getInteractiveProp self.interactiveProp is None
:DistributedObject(warning): no loader.getInteractiveProp self.interactiveProp is None
fisherman origin:  render/scene/toontownCentral/2000:safe_zone/fishing_pond_1/npc_fisherman_origin_0
:Teleport(debug): teleportInDone: walk
OnscreenText.configure: mayChange == 0
OnscreenText.configure: mayChange == 0
OnscreenText.configure: mayChange == 0
OnscreenText.configure: mayChange == 0
TIMER startTime 1216
:Teleport(debug): teleportInDone: walk
OnscreenText.configure: mayChange == 0
OnscreenText.configure: mayChange == 0
OnscreenText.configure: mayChange == 0
OnscreenText.configure: mayChange == 0
:OTPClientRepository(warning): unclean exit, abandoning shard
ignoring InputState-forward
:LocalAvatar(warning): redundant call to stopUpdateSmartCamera
