ToontownStart: Polling for game2 to finish...
ToontownStart: Game2 is finished.
ToontownStart: Starting the game.
ToontownStart: setting default font
TTLocalizer: Running in language: english
from toontown.toonbase.TTLocalizerEnglish import *
OTPLocalizer: Running in language: english
from otp.otpbase.OTPLocalizerEnglish import *
ToontownStart: Loading default gui sounds
ToontownStart: serverVersion:  dev
{410000001: <toontown.distributed.ToontownDistrict.ToontownDistrict instance at 0x1A50ADF0>}
{410000001: <toontown.distributed.ToontownDistrict.ToontownDistrict instance at 0x1A50ADF0>}
:ToontownTimeManager(warning): error parsing date string=
:Actor(warning): no part named head-front*!
local
:NewsPageButtonManager(warning): Should not get here. NewsPageButtonManager.exitOff
:DistributedObject(warning): no loader.getInteractiveProp self.interactiveProp is None
:DistributedObject(warning): no loader.getInteractiveProp self.interactiveProp is None
:DistributedObject(warning): no loader.getInteractiveProp self.interactiveProp is None
:DistributedObject(warning): no loader.getInteractiveProp self.interactiveProp is None
:DistributedObject(warning): no loader.getInteractiveProp self.interactiveProp is None
fisherman origin:  render/scene/toontownCentral/2000:safe_zone/fishing_pond_1/npc_fisherman_origin_0
:Teleport(debug): teleportInDone: walk
:OTPClientRepository(warning): Avatar deleted! Closing connection...
:OTPClientRepository(warning): Lost connection to gameserver.
:OTPClientRepository(warning): unclean exit, abandoning shard
ignoring InputState-forward
:LocalAvatar(warning): redundant call to stopUpdateSmartCamera
:OTPClientRepository(warning): Lost connection to server. Notifying user.
:OTPClientRepository(warning): Disable failed. DistObj 410000076 is not in dictionary, ownerView=False
:OTPClientRepository(warning): Disable failed. DistObj 410000080 is not in dictionary, ownerView=False
:OTPClientRepository(warning): Disable failed. DistObj 410000066 is not in dictionary, ownerView=False
:OTPClientRepository(warning): Disable failed. DistObj 410000065 is not in dictionary, ownerView=False
:OTPClientRepository(warning): Disable failed. DistObj 410000067 is not in dictionary, ownerView=False
:OTPClientRepository(warning): Disable failed. DistObj 410000062 is not in dictionary, ownerView=False
:OTPClientRepository(warning): Disable failed. DistObj 410000078 is not in dictionary, ownerView=False
:OTPClientRepository(warning): Disable failed. DistObj 410000061 is not in dictionary, ownerView=False
:OTPClientRepository(warning): Disable failed. DistObj 410000077 is not in dictionary, ownerView=False
:OTPClientRepository(warning): Disable failed. DistObj 410000081 is not in dictionary, ownerView=False
:OTPClientRepository(warning): Disable failed. DistObj 410000082 is not in dictionary, ownerView=False
:OTPClientRepository(warning): Disable failed. DistObj 410000064 is not in dictionary, ownerView=False
:OTPClientRepository(warning): Disable failed. DistObj 410000063 is not in dictionary, ownerView=False
:OTPClientRepository(warning): Disable failed. DistObj 410000068 is not in dictionary, ownerView=False
:OTPClientRepository(warning): Disable failed. DistObj 410000071 is not in dictionary, ownerView=False
:OTPClientRepository(warning): Disable failed. DistObj 410000070 is not in dictionary, ownerView=False
:OTPClientRepository(warning): Disable failed. DistObj 410000073 is not in dictionary, ownerView=False
:OTPClientRepository(warning): Disable failed. DistObj 410000069 is not in dictionary, ownerView=False
:OTPClientRepository(warning): Disable failed. DistObj 410000072 is not in dictionary, ownerView=False
:OTPClientRepository(warning): Disable failed. DistObj 410000074 is not in dictionary, ownerView=False
:OTPClientRepository(warning): Disable failed. DistObj 410000075 is not in dictionary, ownerView=False
:OTPClientRepository(warning): Disable failed. DistObj 410000079 is not in dictionary, ownerView=False
:GarbageCollect(warning): garbage found, reverting gc threshold
